<?xml version="1.0" encoding="UTF-8"?>
<testng-results ignored="0" total="2" passed="2" failed="0" skipped="0">
  <reporter-output>
    <line>
      <![CDATA[BPI Response: {
    "time": {
        "updated": "Jan 8, 2025 10:15:30 UTC",
        "updatedISO": "2025-01-08T10:15:30+00:00",
        "updateduk": "Jan 8, 2025 at 10:15 GMT"
    },
    "disclaimer": "This data was produced from the CoinDesk Bitcoin Price Index (USD). Non-USD currency data converted using hourly conversion rate from openexchangerates.org",
    "chartName": "Bitcoin",
    "bpi": {
        "USD": {
            "code": "USD",
            "symbol": "&#36;",
            "rate": "96,281.597",
            "description": "United States Dollar",
            "rate_float": 96281.5968
        },
        "GBP": {
            "code": "GBP",
            "symbol": "&pound;",
            "rate": "76,791.795",
            "description": "British Pound Sterling",
            "rate_float": 76791.7946
        },
        "EUR": {
            "code": "EUR",
            "symbol": "&euro;",
            "rate": "92,597.285",
            "description": "Euro",
            "rate_float": 92597.2852
        }
    }
}]]>
    </line>
    <line>
      <![CDATA[Keyset contents are : [USD, GBP, EUR]]]>
    </line>
    <line>
      <![CDATA[GBP's Description : British Pound Sterling]]>
    </line>
    <line>
      <![CDATA[All validations Complete!!]]>
    </line>
    <line>
      <![CDATA[Chrome browser launched]]>
    </line>
    <line>
      <![CDATA[Searched for books!]]>
    </line>
    <line>
      <![CDATA[Selected first search result]]>
    </line>
    <line>
      <![CDATA[Added to cart!!]]>
    </line>
    <line>
      <![CDATA[Current cart value: 1]]>
    </line>
    <line>
      <![CDATA[All Validations complete!]]>
    </line>
  </reporter-output>
  <suite started-at="2025-01-08T15:45:48 IST" name="All Test Suite" finished-at="2025-01-08T15:46:12 IST" duration-ms="23749">
    <groups>
    </groups>
    <test started-at="2025-01-08T15:45:48 IST" name="C:/Workspace/FIS_Test" finished-at="2025-01-08T15:46:12 IST" duration-ms="23749">
      <class name="com.fisTest.tests.BpiApiTest">
        <test-method is-config="true" signature="setUp()[pri:0, instance:com.fisTest.tests.BpiApiTest@56528192]" started-at="2025-01-08T15:45:48 IST" name="setUp" finished-at="2025-01-08T15:45:48 IST" duration-ms="19" status="PASS">
          <reporter-output>
          </reporter-output>
        </test-method> <!-- setUp -->
        <test-method signature="bpiValidate()[pri:0, instance:com.fisTest.tests.BpiApiTest@56528192]" started-at="2025-01-08T15:45:48 IST" name="bpiValidate" finished-at="2025-01-08T15:45:50 IST" duration-ms="2029" status="PASS">
          <reporter-output>
            <line>
              <![CDATA[BPI Response: {
    "time": {
        "updated": "Jan 8, 2025 10:15:30 UTC",
        "updatedISO": "2025-01-08T10:15:30+00:00",
        "updateduk": "Jan 8, 2025 at 10:15 GMT"
    },
    "disclaimer": "This data was produced from the CoinDesk Bitcoin Price Index (USD). Non-USD currency data converted using hourly conversion rate from openexchangerates.org",
    "chartName": "Bitcoin",
    "bpi": {
        "USD": {
            "code": "USD",
            "symbol": "&#36;",
            "rate": "96,281.597",
            "description": "United States Dollar",
            "rate_float": 96281.5968
        },
        "GBP": {
            "code": "GBP",
            "symbol": "&pound;",
            "rate": "76,791.795",
            "description": "British Pound Sterling",
            "rate_float": 76791.7946
        },
        "EUR": {
            "code": "EUR",
            "symbol": "&euro;",
            "rate": "92,597.285",
            "description": "Euro",
            "rate_float": 92597.2852
        }
    }
}]]>
            </line>
            <line>
              <![CDATA[Keyset contents are : [USD, GBP, EUR]]]>
            </line>
            <line>
              <![CDATA[GBP's Description : British Pound Sterling]]>
            </line>
            <line>
              <![CDATA[All validations Complete!!]]>
            </line>
          </reporter-output>
        </test-method> <!-- bpiValidate -->
        <test-method is-config="true" signature="cleanUp()[pri:0, instance:com.fisTest.tests.BpiApiTest@56528192]" started-at="2025-01-08T15:46:12 IST" name="cleanUp" finished-at="2025-01-08T15:46:12 IST" duration-ms="593" status="PASS">
          <reporter-output>
          </reporter-output>
        </test-method> <!-- cleanUp -->
      </class> <!-- com.fisTest.tests.BpiApiTest -->
      <class name="com.fisTest.tests.EbayUITest">
        <test-method signature="ebayCartValidate()[pri:0, instance:com.fisTest.tests.EbayUITest@794cb805]" started-at="2025-01-08T15:45:50 IST" name="ebayCartValidate" finished-at="2025-01-08T15:46:12 IST" duration-ms="21666" status="PASS">
          <reporter-output>
            <line>
              <![CDATA[Chrome browser launched]]>
            </line>
            <line>
              <![CDATA[Searched for books!]]>
            </line>
            <line>
              <![CDATA[Selected first search result]]>
            </line>
            <line>
              <![CDATA[Added to cart!!]]>
            </line>
            <line>
              <![CDATA[Current cart value: 1]]>
            </line>
            <line>
              <![CDATA[All Validations complete!]]>
            </line>
          </reporter-output>
        </test-method> <!-- ebayCartValidate -->
      </class> <!-- com.fisTest.tests.EbayUITest -->
    </test> <!-- C:/Workspace/FIS_Test -->
  </suite> <!-- All Test Suite -->
</testng-results>
